DEB [20180216-14:57:28.676] thr=1   paramiko.transport: starting thread (client mode): 0x5e593278
DEB [20180216-14:57:28.676] thr=1   paramiko.transport: Local version/idstring: SSH-2.0-paramiko_2.4.0
DEB [20180216-14:57:28.686] thr=1   paramiko.transport: Remote version/idstring: SSH-2.0-OpenSSH_7.2p2 Ubuntu-4ubuntu2.4
INF [20180216-14:57:28.686] thr=1   paramiko.transport: Connected (version 2.0, client OpenSSH_7.2p2)
DEB [20180216-14:57:28.689] thr=1   paramiko.transport: kex algos:['curve25519-sha256@libssh.org', 'ecdh-sha2-nistp256', 'ecdh-sha2-nistp384', 'ecdh-sha2-nistp521', 'diffie-hellman-group-exchange-sha256', 'diffie-hellman-group14-sha1'] server key:['ssh-rsa', 'rsa-sha2-512', 'rsa-sha2-256', 'ecdsa-sha2-nistp256', 'ssh-ed25519'] client encrypt:['chacha20-poly1305@openssh.com', 'aes128-ctr', 'aes192-ctr', 'aes256-ctr', 'aes128-gcm@openssh.com', 'aes256-gcm@openssh.com'] server encrypt:['chacha20-poly1305@openssh.com', 'aes128-ctr', 'aes192-ctr', 'aes256-ctr', 'aes128-gcm@openssh.com', 'aes256-gcm@openssh.com'] client mac:['umac-64-etm@openssh.com', 'umac-128-etm@openssh.com', 'hmac-sha2-256-etm@openssh.com', 'hmac-sha2-512-etm@openssh.com', 'hmac-sha1-etm@openssh.com', 'umac-64@openssh.com', 'umac-128@openssh.com', 'hmac-sha2-256', 'hmac-sha2-512', 'hmac-sha1'] server mac:['umac-64-etm@openssh.com', 'umac-128-etm@openssh.com', 'hmac-sha2-256-etm@openssh.com', 'hmac-sha2-512-etm@openssh.com', 'hmac-sha1-etm@openssh.com', 'umac-64@openssh.com', 'umac-128@openssh.com', 'hmac-sha2-256', 'hmac-sha2-512', 'hmac-sha1'] client compress:['none', 'zlib@openssh.com'] server compress:['none', 'zlib@openssh.com'] client lang:[''] server lang:[''] kex follows?False
DEB [20180216-14:57:28.689] thr=1   paramiko.transport: Kex agreed: ecdh-sha2-nistp256
DEB [20180216-14:57:28.689] thr=1   paramiko.transport: HostKey agreed: ssh-ed25519
DEB [20180216-14:57:28.689] thr=1   paramiko.transport: Cipher agreed: aes128-ctr
DEB [20180216-14:57:28.689] thr=1   paramiko.transport: MAC agreed: hmac-sha2-256
DEB [20180216-14:57:28.689] thr=1   paramiko.transport: Compression agreed: none
DEB [20180216-14:57:28.748] thr=1   paramiko.transport: kex engine KexNistp256 specified hash_algo <built-in function openssl_sha256>
DEB [20180216-14:57:28.748] thr=1   paramiko.transport: Switch to new keys ...
DEB [20180216-14:57:28.749] thr=2   paramiko.transport: Attempting password auth...
DEB [20180216-14:57:28.793] thr=1   paramiko.transport: userauth is OK
INF [20180216-14:57:28.808] thr=1   paramiko.transport: Authentication (password) successful!
DEB [20180216-14:57:28.809] thr=2   paramiko.transport: [chan 0] Max packet in: 32768 bytes
DEB [20180216-14:57:28.920] thr=1   paramiko.transport: Received global request "hostkeys-00@openssh.com"
DEB [20180216-14:57:28.921] thr=1   paramiko.transport: Rejecting "hostkeys-00@openssh.com" global request from server.
DEB [20180216-14:57:28.964] thr=1   paramiko.transport: [chan 0] Max packet out: 32768 bytes
DEB [20180216-14:57:28.964] thr=1   paramiko.transport: Secsh channel 0 opened.
DEB [20180216-14:57:28.968] thr=1   paramiko.transport: [chan 0] Sesch channel 0 request ok
INF [20180216-14:57:28.972] thr=2   paramiko.transport.sftp: [chan 0] Opened sftp connection (server version 3)
DEB [20180216-14:57:28.973] thr=2   paramiko.transport.sftp: [chan 0] mkdir(b'/var/www/html/files/20180216_135728/', 511)
DEB [20180216-14:57:28.977] thr=2   paramiko.transport.sftp: [chan 0] open(b'/var/www/html/files/20180216_135728/../linux-4.13.3/.config', 'wb')
DEB [20180216-14:59:35.235] thr=1   paramiko.transport: starting thread (client mode): 0x9c531278
DEB [20180216-14:59:35.235] thr=1   paramiko.transport: Local version/idstring: SSH-2.0-paramiko_2.4.0
DEB [20180216-14:59:35.244] thr=1   paramiko.transport: Remote version/idstring: SSH-2.0-OpenSSH_7.2p2 Ubuntu-4ubuntu2.4
INF [20180216-14:59:35.244] thr=1   paramiko.transport: Connected (version 2.0, client OpenSSH_7.2p2)
DEB [20180216-14:59:35.247] thr=1   paramiko.transport: kex algos:['curve25519-sha256@libssh.org', 'ecdh-sha2-nistp256', 'ecdh-sha2-nistp384', 'ecdh-sha2-nistp521', 'diffie-hellman-group-exchange-sha256', 'diffie-hellman-group14-sha1'] server key:['ssh-rsa', 'rsa-sha2-512', 'rsa-sha2-256', 'ecdsa-sha2-nistp256', 'ssh-ed25519'] client encrypt:['chacha20-poly1305@openssh.com', 'aes128-ctr', 'aes192-ctr', 'aes256-ctr', 'aes128-gcm@openssh.com', 'aes256-gcm@openssh.com'] server encrypt:['chacha20-poly1305@openssh.com', 'aes128-ctr', 'aes192-ctr', 'aes256-ctr', 'aes128-gcm@openssh.com', 'aes256-gcm@openssh.com'] client mac:['umac-64-etm@openssh.com', 'umac-128-etm@openssh.com', 'hmac-sha2-256-etm@openssh.com', 'hmac-sha2-512-etm@openssh.com', 'hmac-sha1-etm@openssh.com', 'umac-64@openssh.com', 'umac-128@openssh.com', 'hmac-sha2-256', 'hmac-sha2-512', 'hmac-sha1'] server mac:['umac-64-etm@openssh.com', 'umac-128-etm@openssh.com', 'hmac-sha2-256-etm@openssh.com', 'hmac-sha2-512-etm@openssh.com', 'hmac-sha1-etm@openssh.com', 'umac-64@openssh.com', 'umac-128@openssh.com', 'hmac-sha2-256', 'hmac-sha2-512', 'hmac-sha1'] client compress:['none', 'zlib@openssh.com'] server compress:['none', 'zlib@openssh.com'] client lang:[''] server lang:[''] kex follows?False
DEB [20180216-14:59:35.247] thr=1   paramiko.transport: Kex agreed: ecdh-sha2-nistp256
DEB [20180216-14:59:35.247] thr=1   paramiko.transport: HostKey agreed: ssh-ed25519
DEB [20180216-14:59:35.247] thr=1   paramiko.transport: Cipher agreed: aes128-ctr
DEB [20180216-14:59:35.248] thr=1   paramiko.transport: MAC agreed: hmac-sha2-256
DEB [20180216-14:59:35.248] thr=1   paramiko.transport: Compression agreed: none
DEB [20180216-14:59:35.291] thr=1   paramiko.transport: kex engine KexNistp256 specified hash_algo <built-in function openssl_sha256>
DEB [20180216-14:59:35.292] thr=1   paramiko.transport: Switch to new keys ...
DEB [20180216-14:59:35.292] thr=2   paramiko.transport: Attempting password auth...
DEB [20180216-14:59:35.336] thr=1   paramiko.transport: userauth is OK
INF [20180216-14:59:35.349] thr=1   paramiko.transport: Authentication (password) successful!
DEB [20180216-14:59:35.350] thr=2   paramiko.transport: [chan 0] Max packet in: 32768 bytes
DEB [20180216-14:59:35.467] thr=1   paramiko.transport: Received global request "hostkeys-00@openssh.com"
DEB [20180216-14:59:35.467] thr=1   paramiko.transport: Rejecting "hostkeys-00@openssh.com" global request from server.
DEB [20180216-14:59:35.509] thr=1   paramiko.transport: [chan 0] Max packet out: 32768 bytes
DEB [20180216-14:59:35.510] thr=1   paramiko.transport: Secsh channel 0 opened.
DEB [20180216-14:59:35.513] thr=1   paramiko.transport: [chan 0] Sesch channel 0 request ok
INF [20180216-14:59:35.517] thr=2   paramiko.transport.sftp: [chan 0] Opened sftp connection (server version 3)
DEB [20180216-14:59:35.518] thr=2   paramiko.transport.sftp: [chan 0] mkdir(b'/var/www/html/files/20180216_135935/', 511)
DEB [20180216-14:59:35.522] thr=2   paramiko.transport.sftp: [chan 0] open(b'/var/www/html/files/20180216_135935/.config', 'wb')
DEB [20180216-14:59:35.525] thr=2   paramiko.transport.sftp: [chan 0] open(b'/var/www/html/files/20180216_135935/.config', 'wb') -> 00000000
DEB [20180216-14:59:35.528] thr=2   paramiko.transport.sftp: [chan 0] close(00000000)
DEB [20180216-14:59:35.590] thr=2   paramiko.transport.sftp: [chan 0] stat(b'/var/www/html/files/20180216_135935/.config')
DEB [20180216-14:59:35.594] thr=2   paramiko.transport.sftp: [chan 0] open(b'/var/www/html/files/20180216_135935/std.log', 'wb')
DEB [20180216-14:59:35.598] thr=2   paramiko.transport.sftp: [chan 0] open(b'/var/www/html/files/20180216_135935/std.log', 'wb') -> 00000000
DEB [20180216-14:59:35.600] thr=2   paramiko.transport.sftp: [chan 0] close(00000000)
DEB [20180216-14:59:35.605] thr=2   paramiko.transport.sftp: [chan 0] stat(b'/var/www/html/files/20180216_135935/std.log')
DEB [20180216-14:59:35.609] thr=2   paramiko.transport.sftp: [chan 0] open(b'/var/www/html/files/20180216_135935/err.log', 'wb')
DEB [20180216-14:59:35.612] thr=2   paramiko.transport.sftp: [chan 0] open(b'/var/www/html/files/20180216_135935/err.log', 'wb') -> 00000000
DEB [20180216-14:59:35.613] thr=2   paramiko.transport.sftp: [chan 0] close(00000000)
DEB [20180216-14:59:35.618] thr=2   paramiko.transport.sftp: [chan 0] stat(b'/var/www/html/files/20180216_135935/err.log')
INF [20180216-14:59:35.620] thr=2   paramiko.transport.sftp: [chan 0] sftp session closed.
DEB [20180216-14:59:35.621] thr=2   paramiko.transport: [chan 0] EOF sent (0)
DEB [20180216-15:13:52.666] thr=1   paramiko.transport: starting thread (client mode): 0x5a410390
DEB [20180216-15:13:52.666] thr=1   paramiko.transport: Local version/idstring: SSH-2.0-paramiko_2.4.0
DEB [20180216-15:13:52.676] thr=1   paramiko.transport: Remote version/idstring: SSH-2.0-OpenSSH_7.2p2 Ubuntu-4ubuntu2.4
INF [20180216-15:13:52.676] thr=1   paramiko.transport: Connected (version 2.0, client OpenSSH_7.2p2)
DEB [20180216-15:13:52.680] thr=1   paramiko.transport: kex algos:['curve25519-sha256@libssh.org', 'ecdh-sha2-nistp256', 'ecdh-sha2-nistp384', 'ecdh-sha2-nistp521', 'diffie-hellman-group-exchange-sha256', 'diffie-hellman-group14-sha1'] server key:['ssh-rsa', 'rsa-sha2-512', 'rsa-sha2-256', 'ecdsa-sha2-nistp256', 'ssh-ed25519'] client encrypt:['chacha20-poly1305@openssh.com', 'aes128-ctr', 'aes192-ctr', 'aes256-ctr', 'aes128-gcm@openssh.com', 'aes256-gcm@openssh.com'] server encrypt:['chacha20-poly1305@openssh.com', 'aes128-ctr', 'aes192-ctr', 'aes256-ctr', 'aes128-gcm@openssh.com', 'aes256-gcm@openssh.com'] client mac:['umac-64-etm@openssh.com', 'umac-128-etm@openssh.com', 'hmac-sha2-256-etm@openssh.com', 'hmac-sha2-512-etm@openssh.com', 'hmac-sha1-etm@openssh.com', 'umac-64@openssh.com', 'umac-128@openssh.com', 'hmac-sha2-256', 'hmac-sha2-512', 'hmac-sha1'] server mac:['umac-64-etm@openssh.com', 'umac-128-etm@openssh.com', 'hmac-sha2-256-etm@openssh.com', 'hmac-sha2-512-etm@openssh.com', 'hmac-sha1-etm@openssh.com', 'umac-64@openssh.com', 'umac-128@openssh.com', 'hmac-sha2-256', 'hmac-sha2-512', 'hmac-sha1'] client compress:['none', 'zlib@openssh.com'] server compress:['none', 'zlib@openssh.com'] client lang:[''] server lang:[''] kex follows?False
DEB [20180216-15:13:52.681] thr=1   paramiko.transport: Kex agreed: ecdh-sha2-nistp256
DEB [20180216-15:13:52.681] thr=1   paramiko.transport: HostKey agreed: ssh-ed25519
DEB [20180216-15:13:52.681] thr=1   paramiko.transport: Cipher agreed: aes128-ctr
DEB [20180216-15:13:52.681] thr=1   paramiko.transport: MAC agreed: hmac-sha2-256
DEB [20180216-15:13:52.681] thr=1   paramiko.transport: Compression agreed: none
DEB [20180216-15:13:52.734] thr=1   paramiko.transport: kex engine KexNistp256 specified hash_algo <built-in function openssl_sha256>
DEB [20180216-15:13:52.735] thr=1   paramiko.transport: Switch to new keys ...
DEB [20180216-15:13:52.735] thr=2   paramiko.transport: Attempting password auth...
DEB [20180216-15:13:52.777] thr=1   paramiko.transport: userauth is OK
INF [20180216-15:13:52.794] thr=1   paramiko.transport: Authentication (password) successful!
DEB [20180216-15:13:52.796] thr=2   paramiko.transport: [chan 0] Max packet in: 32768 bytes
DEB [20180216-15:13:52.993] thr=1   paramiko.transport: Received global request "hostkeys-00@openssh.com"
DEB [20180216-15:13:52.993] thr=1   paramiko.transport: Rejecting "hostkeys-00@openssh.com" global request from server.
DEB [20180216-15:13:53.037] thr=1   paramiko.transport: [chan 0] Max packet out: 32768 bytes
DEB [20180216-15:13:53.037] thr=1   paramiko.transport: Secsh channel 0 opened.
DEB [20180216-15:13:53.040] thr=1   paramiko.transport: [chan 0] Sesch channel 0 request ok
INF [20180216-15:13:53.050] thr=2   paramiko.transport.sftp: [chan 0] Opened sftp connection (server version 3)
DEB [20180216-15:13:53.050] thr=2   paramiko.transport.sftp: [chan 0] mkdir(b'/var/www/html/files/20180216_141352/', 511)
DEB [20180216-15:13:53.053] thr=2   paramiko.transport.sftp: [chan 0] open(b'/var/www/html/files/20180216_141352/.config', 'wb')
DEB [20180216-15:13:53.056] thr=2   paramiko.transport.sftp: [chan 0] open(b'/var/www/html/files/20180216_141352/.config', 'wb') -> 00000000
DEB [20180216-15:13:53.059] thr=2   paramiko.transport.sftp: [chan 0] close(00000000)
DEB [20180216-15:13:53.075] thr=2   paramiko.transport.sftp: [chan 0] stat(b'/var/www/html/files/20180216_141352/.config')
DEB [20180216-15:13:53.078] thr=2   paramiko.transport.sftp: [chan 0] open(b'/var/www/html/files/20180216_141352/std.log', 'wb')
DEB [20180216-15:13:53.082] thr=2   paramiko.transport.sftp: [chan 0] open(b'/var/www/html/files/20180216_141352/std.log', 'wb') -> 00000000
DEB [20180216-15:13:53.082] thr=2   paramiko.transport.sftp: [chan 0] close(00000000)
DEB [20180216-15:13:53.087] thr=2   paramiko.transport.sftp: [chan 0] stat(b'/var/www/html/files/20180216_141352/std.log')
DEB [20180216-15:13:53.090] thr=2   paramiko.transport.sftp: [chan 0] open(b'/var/www/html/files/20180216_141352/err.log', 'wb')
DEB [20180216-15:13:53.094] thr=2   paramiko.transport.sftp: [chan 0] open(b'/var/www/html/files/20180216_141352/err.log', 'wb') -> 00000000
DEB [20180216-15:13:53.095] thr=2   paramiko.transport.sftp: [chan 0] close(00000000)
DEB [20180216-15:13:53.100] thr=2   paramiko.transport.sftp: [chan 0] stat(b'/var/www/html/files/20180216_141352/err.log')
INF [20180216-15:13:53.103] thr=2   paramiko.transport.sftp: [chan 0] sftp session closed.
DEB [20180216-15:13:53.103] thr=2   paramiko.transport: [chan 0] EOF sent (0)
DEB [20180216-15:15:05.701] thr=1   paramiko.transport: starting thread (client mode): 0x72a2278
DEB [20180216-15:15:05.702] thr=1   paramiko.transport: Local version/idstring: SSH-2.0-paramiko_2.4.0
DEB [20180216-15:15:05.711] thr=1   paramiko.transport: Remote version/idstring: SSH-2.0-OpenSSH_7.2p2 Ubuntu-4ubuntu2.4
INF [20180216-15:15:05.712] thr=1   paramiko.transport: Connected (version 2.0, client OpenSSH_7.2p2)
DEB [20180216-15:15:05.714] thr=1   paramiko.transport: kex algos:['curve25519-sha256@libssh.org', 'ecdh-sha2-nistp256', 'ecdh-sha2-nistp384', 'ecdh-sha2-nistp521', 'diffie-hellman-group-exchange-sha256', 'diffie-hellman-group14-sha1'] server key:['ssh-rsa', 'rsa-sha2-512', 'rsa-sha2-256', 'ecdsa-sha2-nistp256', 'ssh-ed25519'] client encrypt:['chacha20-poly1305@openssh.com', 'aes128-ctr', 'aes192-ctr', 'aes256-ctr', 'aes128-gcm@openssh.com', 'aes256-gcm@openssh.com'] server encrypt:['chacha20-poly1305@openssh.com', 'aes128-ctr', 'aes192-ctr', 'aes256-ctr', 'aes128-gcm@openssh.com', 'aes256-gcm@openssh.com'] client mac:['umac-64-etm@openssh.com', 'umac-128-etm@openssh.com', 'hmac-sha2-256-etm@openssh.com', 'hmac-sha2-512-etm@openssh.com', 'hmac-sha1-etm@openssh.com', 'umac-64@openssh.com', 'umac-128@openssh.com', 'hmac-sha2-256', 'hmac-sha2-512', 'hmac-sha1'] server mac:['umac-64-etm@openssh.com', 'umac-128-etm@openssh.com', 'hmac-sha2-256-etm@openssh.com', 'hmac-sha2-512-etm@openssh.com', 'hmac-sha1-etm@openssh.com', 'umac-64@openssh.com', 'umac-128@openssh.com', 'hmac-sha2-256', 'hmac-sha2-512', 'hmac-sha1'] client compress:['none', 'zlib@openssh.com'] server compress:['none', 'zlib@openssh.com'] client lang:[''] server lang:[''] kex follows?False
DEB [20180216-15:15:05.715] thr=1   paramiko.transport: Kex agreed: ecdh-sha2-nistp256
DEB [20180216-15:15:05.715] thr=1   paramiko.transport: HostKey agreed: ssh-ed25519
DEB [20180216-15:15:05.715] thr=1   paramiko.transport: Cipher agreed: aes128-ctr
DEB [20180216-15:15:05.715] thr=1   paramiko.transport: MAC agreed: hmac-sha2-256
DEB [20180216-15:15:05.715] thr=1   paramiko.transport: Compression agreed: none
DEB [20180216-15:15:05.759] thr=1   paramiko.transport: kex engine KexNistp256 specified hash_algo <built-in function openssl_sha256>
DEB [20180216-15:15:05.760] thr=1   paramiko.transport: Switch to new keys ...
DEB [20180216-15:15:05.760] thr=2   paramiko.transport: Attempting password auth...
DEB [20180216-15:15:05.803] thr=1   paramiko.transport: userauth is OK
INF [20180216-15:15:05.820] thr=1   paramiko.transport: Authentication (password) successful!
DEB [20180216-15:15:05.821] thr=2   paramiko.transport: [chan 0] Max packet in: 32768 bytes
DEB [20180216-15:15:05.923] thr=1   paramiko.transport: Received global request "hostkeys-00@openssh.com"
DEB [20180216-15:15:05.924] thr=1   paramiko.transport: Rejecting "hostkeys-00@openssh.com" global request from server.
DEB [20180216-15:15:05.966] thr=1   paramiko.transport: [chan 0] Max packet out: 32768 bytes
DEB [20180216-15:15:05.967] thr=1   paramiko.transport: Secsh channel 0 opened.
DEB [20180216-15:15:05.970] thr=1   paramiko.transport: [chan 0] Sesch channel 0 request ok
INF [20180216-15:15:05.974] thr=2   paramiko.transport.sftp: [chan 0] Opened sftp connection (server version 3)
DEB [20180216-15:15:05.975] thr=2   paramiko.transport.sftp: [chan 0] mkdir(b'/var/www/html/files/20180216_141505/', 511)
DEB [20180216-15:15:05.979] thr=2   paramiko.transport.sftp: [chan 0] open(b'/var/www/html/files/20180216_141505/.config', 'wb')
DEB [20180216-15:15:05.983] thr=2   paramiko.transport.sftp: [chan 0] open(b'/var/www/html/files/20180216_141505/.config', 'wb') -> 00000000
DEB [20180216-15:15:05.985] thr=2   paramiko.transport.sftp: [chan 0] close(00000000)
DEB [20180216-15:15:06.003] thr=2   paramiko.transport.sftp: [chan 0] stat(b'/var/www/html/files/20180216_141505/.config')
DEB [20180216-15:15:06.007] thr=2   paramiko.transport.sftp: [chan 0] open(b'/var/www/html/files/20180216_141505/std.log', 'wb')
DEB [20180216-15:15:06.011] thr=2   paramiko.transport.sftp: [chan 0] open(b'/var/www/html/files/20180216_141505/std.log', 'wb') -> 00000000
DEB [20180216-15:15:06.011] thr=2   paramiko.transport.sftp: [chan 0] close(00000000)
DEB [20180216-15:15:06.016] thr=2   paramiko.transport.sftp: [chan 0] stat(b'/var/www/html/files/20180216_141505/std.log')
DEB [20180216-15:15:06.020] thr=2   paramiko.transport.sftp: [chan 0] open(b'/var/www/html/files/20180216_141505/err.log', 'wb')
DEB [20180216-15:15:06.023] thr=2   paramiko.transport.sftp: [chan 0] open(b'/var/www/html/files/20180216_141505/err.log', 'wb') -> 00000000
DEB [20180216-15:15:06.023] thr=2   paramiko.transport.sftp: [chan 0] close(00000000)
DEB [20180216-15:15:06.030] thr=2   paramiko.transport.sftp: [chan 0] stat(b'/var/www/html/files/20180216_141505/err.log')
INF [20180216-15:15:06.033] thr=2   paramiko.transport.sftp: [chan 0] sftp session closed.
DEB [20180216-15:15:06.034] thr=2   paramiko.transport: [chan 0] EOF sent (0)
DEB [20180216-15:16:24.004] thr=1   paramiko.transport: starting thread (client mode): 0xac227278
DEB [20180216-15:16:24.004] thr=1   paramiko.transport: Local version/idstring: SSH-2.0-paramiko_2.4.0
DEB [20180216-15:16:24.012] thr=1   paramiko.transport: Remote version/idstring: SSH-2.0-OpenSSH_7.2p2 Ubuntu-4ubuntu2.4
INF [20180216-15:16:24.012] thr=1   paramiko.transport: Connected (version 2.0, client OpenSSH_7.2p2)
DEB [20180216-15:16:24.015] thr=1   paramiko.transport: kex algos:['curve25519-sha256@libssh.org', 'ecdh-sha2-nistp256', 'ecdh-sha2-nistp384', 'ecdh-sha2-nistp521', 'diffie-hellman-group-exchange-sha256', 'diffie-hellman-group14-sha1'] server key:['ssh-rsa', 'rsa-sha2-512', 'rsa-sha2-256', 'ecdsa-sha2-nistp256', 'ssh-ed25519'] client encrypt:['chacha20-poly1305@openssh.com', 'aes128-ctr', 'aes192-ctr', 'aes256-ctr', 'aes128-gcm@openssh.com', 'aes256-gcm@openssh.com'] server encrypt:['chacha20-poly1305@openssh.com', 'aes128-ctr', 'aes192-ctr', 'aes256-ctr', 'aes128-gcm@openssh.com', 'aes256-gcm@openssh.com'] client mac:['umac-64-etm@openssh.com', 'umac-128-etm@openssh.com', 'hmac-sha2-256-etm@openssh.com', 'hmac-sha2-512-etm@openssh.com', 'hmac-sha1-etm@openssh.com', 'umac-64@openssh.com', 'umac-128@openssh.com', 'hmac-sha2-256', 'hmac-sha2-512', 'hmac-sha1'] server mac:['umac-64-etm@openssh.com', 'umac-128-etm@openssh.com', 'hmac-sha2-256-etm@openssh.com', 'hmac-sha2-512-etm@openssh.com', 'hmac-sha1-etm@openssh.com', 'umac-64@openssh.com', 'umac-128@openssh.com', 'hmac-sha2-256', 'hmac-sha2-512', 'hmac-sha1'] client compress:['none', 'zlib@openssh.com'] server compress:['none', 'zlib@openssh.com'] client lang:[''] server lang:[''] kex follows?False
DEB [20180216-15:16:24.015] thr=1   paramiko.transport: Kex agreed: ecdh-sha2-nistp256
DEB [20180216-15:16:24.015] thr=1   paramiko.transport: HostKey agreed: ssh-ed25519
DEB [20180216-15:16:24.015] thr=1   paramiko.transport: Cipher agreed: aes128-ctr
DEB [20180216-15:16:24.015] thr=1   paramiko.transport: MAC agreed: hmac-sha2-256
DEB [20180216-15:16:24.016] thr=1   paramiko.transport: Compression agreed: none
DEB [20180216-15:16:24.058] thr=1   paramiko.transport: kex engine KexNistp256 specified hash_algo <built-in function openssl_sha256>
DEB [20180216-15:16:24.058] thr=1   paramiko.transport: Switch to new keys ...
DEB [20180216-15:16:24.059] thr=2   paramiko.transport: Attempting password auth...
DEB [20180216-15:16:24.102] thr=1   paramiko.transport: userauth is OK
INF [20180216-15:16:24.120] thr=1   paramiko.transport: Authentication (password) successful!
DEB [20180216-15:16:24.121] thr=2   paramiko.transport: [chan 0] Max packet in: 32768 bytes
DEB [20180216-15:16:24.220] thr=1   paramiko.transport: Received global request "hostkeys-00@openssh.com"
DEB [20180216-15:16:24.221] thr=1   paramiko.transport: Rejecting "hostkeys-00@openssh.com" global request from server.
DEB [20180216-15:16:24.271] thr=1   paramiko.transport: [chan 0] Max packet out: 32768 bytes
DEB [20180216-15:16:24.271] thr=1   paramiko.transport: Secsh channel 0 opened.
DEB [20180216-15:16:24.276] thr=1   paramiko.transport: [chan 0] Sesch channel 0 request ok
INF [20180216-15:16:24.280] thr=2   paramiko.transport.sftp: [chan 0] Opened sftp connection (server version 3)
DEB [20180216-15:16:24.282] thr=2   paramiko.transport.sftp: [chan 0] mkdir(b'/var/www/html/files/20180216_141624/', 511)
DEB [20180216-15:16:24.285] thr=2   paramiko.transport.sftp: [chan 0] open(b'/var/www/html/files/20180216_141624/.config', 'wb')
DEB [20180216-15:16:24.288] thr=2   paramiko.transport.sftp: [chan 0] open(b'/var/www/html/files/20180216_141624/.config', 'wb') -> 00000000
DEB [20180216-15:16:24.290] thr=2   paramiko.transport.sftp: [chan 0] close(00000000)
DEB [20180216-15:16:24.306] thr=2   paramiko.transport.sftp: [chan 0] stat(b'/var/www/html/files/20180216_141624/.config')
DEB [20180216-15:16:24.310] thr=2   paramiko.transport.sftp: [chan 0] open(b'/var/www/html/files/20180216_141624/std.log', 'wb')
DEB [20180216-15:16:24.313] thr=2   paramiko.transport.sftp: [chan 0] open(b'/var/www/html/files/20180216_141624/std.log', 'wb') -> 00000000
DEB [20180216-15:16:24.313] thr=2   paramiko.transport.sftp: [chan 0] close(00000000)
DEB [20180216-15:16:24.318] thr=2   paramiko.transport.sftp: [chan 0] stat(b'/var/www/html/files/20180216_141624/std.log')
DEB [20180216-15:16:24.322] thr=2   paramiko.transport.sftp: [chan 0] open(b'/var/www/html/files/20180216_141624/err.log', 'wb')
DEB [20180216-15:16:24.325] thr=2   paramiko.transport.sftp: [chan 0] open(b'/var/www/html/files/20180216_141624/err.log', 'wb') -> 00000000
DEB [20180216-15:16:24.325] thr=2   paramiko.transport.sftp: [chan 0] close(00000000)
DEB [20180216-15:16:24.331] thr=2   paramiko.transport.sftp: [chan 0] stat(b'/var/www/html/files/20180216_141624/err.log')
INF [20180216-15:16:24.334] thr=2   paramiko.transport.sftp: [chan 0] sftp session closed.
DEB [20180216-15:16:24.335] thr=2   paramiko.transport: [chan 0] EOF sent (0)
DEB [20180216-15:17:23.772] thr=1   paramiko.transport: starting thread (client mode): 0x73a22b0
DEB [20180216-15:17:23.772] thr=1   paramiko.transport: Local version/idstring: SSH-2.0-paramiko_2.4.0
DEB [20180216-15:17:23.780] thr=1   paramiko.transport: Remote version/idstring: SSH-2.0-OpenSSH_7.2p2 Ubuntu-4ubuntu2.4
INF [20180216-15:17:23.780] thr=1   paramiko.transport: Connected (version 2.0, client OpenSSH_7.2p2)
DEB [20180216-15:17:23.783] thr=1   paramiko.transport: kex algos:['curve25519-sha256@libssh.org', 'ecdh-sha2-nistp256', 'ecdh-sha2-nistp384', 'ecdh-sha2-nistp521', 'diffie-hellman-group-exchange-sha256', 'diffie-hellman-group14-sha1'] server key:['ssh-rsa', 'rsa-sha2-512', 'rsa-sha2-256', 'ecdsa-sha2-nistp256', 'ssh-ed25519'] client encrypt:['chacha20-poly1305@openssh.com', 'aes128-ctr', 'aes192-ctr', 'aes256-ctr', 'aes128-gcm@openssh.com', 'aes256-gcm@openssh.com'] server encrypt:['chacha20-poly1305@openssh.com', 'aes128-ctr', 'aes192-ctr', 'aes256-ctr', 'aes128-gcm@openssh.com', 'aes256-gcm@openssh.com'] client mac:['umac-64-etm@openssh.com', 'umac-128-etm@openssh.com', 'hmac-sha2-256-etm@openssh.com', 'hmac-sha2-512-etm@openssh.com', 'hmac-sha1-etm@openssh.com', 'umac-64@openssh.com', 'umac-128@openssh.com', 'hmac-sha2-256', 'hmac-sha2-512', 'hmac-sha1'] server mac:['umac-64-etm@openssh.com', 'umac-128-etm@openssh.com', 'hmac-sha2-256-etm@openssh.com', 'hmac-sha2-512-etm@openssh.com', 'hmac-sha1-etm@openssh.com', 'umac-64@openssh.com', 'umac-128@openssh.com', 'hmac-sha2-256', 'hmac-sha2-512', 'hmac-sha1'] client compress:['none', 'zlib@openssh.com'] server compress:['none', 'zlib@openssh.com'] client lang:[''] server lang:[''] kex follows?False
DEB [20180216-15:17:23.783] thr=1   paramiko.transport: Kex agreed: ecdh-sha2-nistp256
DEB [20180216-15:17:23.783] thr=1   paramiko.transport: HostKey agreed: ssh-ed25519
DEB [20180216-15:17:23.783] thr=1   paramiko.transport: Cipher agreed: aes128-ctr
DEB [20180216-15:17:23.783] thr=1   paramiko.transport: MAC agreed: hmac-sha2-256
DEB [20180216-15:17:23.783] thr=1   paramiko.transport: Compression agreed: none
DEB [20180216-15:17:23.828] thr=1   paramiko.transport: kex engine KexNistp256 specified hash_algo <built-in function openssl_sha256>
DEB [20180216-15:17:23.829] thr=1   paramiko.transport: Switch to new keys ...
DEB [20180216-15:17:23.829] thr=2   paramiko.transport: Attempting password auth...
DEB [20180216-15:17:23.870] thr=1   paramiko.transport: userauth is OK
INF [20180216-15:17:23.888] thr=1   paramiko.transport: Authentication (password) successful!
DEB [20180216-15:17:23.889] thr=2   paramiko.transport: [chan 0] Max packet in: 32768 bytes
DEB [20180216-15:17:23.991] thr=1   paramiko.transport: Received global request "hostkeys-00@openssh.com"
DEB [20180216-15:17:23.991] thr=1   paramiko.transport: Rejecting "hostkeys-00@openssh.com" global request from server.
DEB [20180216-15:17:24.033] thr=1   paramiko.transport: [chan 0] Max packet out: 32768 bytes
DEB [20180216-15:17:24.033] thr=1   paramiko.transport: Secsh channel 0 opened.
DEB [20180216-15:17:24.038] thr=1   paramiko.transport: [chan 0] Sesch channel 0 request ok
INF [20180216-15:17:24.042] thr=2   paramiko.transport.sftp: [chan 0] Opened sftp connection (server version 3)
DEB [20180216-15:17:24.043] thr=2   paramiko.transport.sftp: [chan 0] mkdir(b'/var/www/html/files/20180216_141723/', 511)
DEB [20180216-15:17:24.046] thr=2   paramiko.transport.sftp: [chan 0] open(b'/var/www/html/files/20180216_141723/.config', 'wb')
DEB [20180216-15:17:24.049] thr=2   paramiko.transport.sftp: [chan 0] open(b'/var/www/html/files/20180216_141723/.config', 'wb') -> 00000000
DEB [20180216-15:17:24.050] thr=2   paramiko.transport.sftp: [chan 0] close(00000000)
DEB [20180216-15:17:24.094] thr=2   paramiko.transport.sftp: [chan 0] stat(b'/var/www/html/files/20180216_141723/.config')
DEB [20180216-15:17:24.097] thr=2   paramiko.transport.sftp: [chan 0] open(b'/var/www/html/files/20180216_141723/std.log', 'wb')
DEB [20180216-15:17:24.100] thr=2   paramiko.transport.sftp: [chan 0] open(b'/var/www/html/files/20180216_141723/std.log', 'wb') -> 00000000
DEB [20180216-15:17:24.101] thr=2   paramiko.transport.sftp: [chan 0] close(00000000)
DEB [20180216-15:17:24.107] thr=2   paramiko.transport.sftp: [chan 0] stat(b'/var/www/html/files/20180216_141723/std.log')
DEB [20180216-15:17:24.110] thr=2   paramiko.transport.sftp: [chan 0] open(b'/var/www/html/files/20180216_141723/err.log', 'wb')
DEB [20180216-15:17:24.112] thr=2   paramiko.transport.sftp: [chan 0] open(b'/var/www/html/files/20180216_141723/err.log', 'wb') -> 00000000
DEB [20180216-15:17:24.113] thr=2   paramiko.transport.sftp: [chan 0] close(00000000)
DEB [20180216-15:17:24.119] thr=2   paramiko.transport.sftp: [chan 0] stat(b'/var/www/html/files/20180216_141723/err.log')
INF [20180216-15:17:24.122] thr=2   paramiko.transport.sftp: [chan 0] sftp session closed.
DEB [20180216-15:17:24.123] thr=2   paramiko.transport: [chan 0] EOF sent (0)
DEB [20180216-15:27:33.219] thr=1   paramiko.transport: starting thread (client mode): 0xee1cddd8
DEB [20180216-15:27:33.220] thr=1   paramiko.transport: Local version/idstring: SSH-2.0-paramiko_2.4.0
DEB [20180216-15:27:33.229] thr=1   paramiko.transport: Remote version/idstring: SSH-2.0-OpenSSH_7.2p2 Ubuntu-4ubuntu2.4
INF [20180216-15:27:33.229] thr=1   paramiko.transport: Connected (version 2.0, client OpenSSH_7.2p2)
DEB [20180216-15:27:33.231] thr=1   paramiko.transport: kex algos:['curve25519-sha256@libssh.org', 'ecdh-sha2-nistp256', 'ecdh-sha2-nistp384', 'ecdh-sha2-nistp521', 'diffie-hellman-group-exchange-sha256', 'diffie-hellman-group14-sha1'] server key:['ssh-rsa', 'rsa-sha2-512', 'rsa-sha2-256', 'ecdsa-sha2-nistp256', 'ssh-ed25519'] client encrypt:['chacha20-poly1305@openssh.com', 'aes128-ctr', 'aes192-ctr', 'aes256-ctr', 'aes128-gcm@openssh.com', 'aes256-gcm@openssh.com'] server encrypt:['chacha20-poly1305@openssh.com', 'aes128-ctr', 'aes192-ctr', 'aes256-ctr', 'aes128-gcm@openssh.com', 'aes256-gcm@openssh.com'] client mac:['umac-64-etm@openssh.com', 'umac-128-etm@openssh.com', 'hmac-sha2-256-etm@openssh.com', 'hmac-sha2-512-etm@openssh.com', 'hmac-sha1-etm@openssh.com', 'umac-64@openssh.com', 'umac-128@openssh.com', 'hmac-sha2-256', 'hmac-sha2-512', 'hmac-sha1'] server mac:['umac-64-etm@openssh.com', 'umac-128-etm@openssh.com', 'hmac-sha2-256-etm@openssh.com', 'hmac-sha2-512-etm@openssh.com', 'hmac-sha1-etm@openssh.com', 'umac-64@openssh.com', 'umac-128@openssh.com', 'hmac-sha2-256', 'hmac-sha2-512', 'hmac-sha1'] client compress:['none', 'zlib@openssh.com'] server compress:['none', 'zlib@openssh.com'] client lang:[''] server lang:[''] kex follows?False
DEB [20180216-15:27:33.231] thr=1   paramiko.transport: Kex agreed: ecdh-sha2-nistp256
DEB [20180216-15:27:33.231] thr=1   paramiko.transport: HostKey agreed: ssh-ed25519
DEB [20180216-15:27:33.231] thr=1   paramiko.transport: Cipher agreed: aes128-ctr
DEB [20180216-15:27:33.231] thr=1   paramiko.transport: MAC agreed: hmac-sha2-256
DEB [20180216-15:27:33.231] thr=1   paramiko.transport: Compression agreed: none
DEB [20180216-15:27:33.286] thr=1   paramiko.transport: kex engine KexNistp256 specified hash_algo <built-in function openssl_sha256>
DEB [20180216-15:27:33.286] thr=1   paramiko.transport: Switch to new keys ...
DEB [20180216-15:27:33.287] thr=2   paramiko.transport: Attempting password auth...
DEB [20180216-15:27:33.330] thr=1   paramiko.transport: userauth is OK
INF [20180216-15:27:33.347] thr=1   paramiko.transport: Authentication (password) successful!
DEB [20180216-15:27:33.347] thr=2   paramiko.transport: [chan 0] Max packet in: 32768 bytes
DEB [20180216-15:27:33.448] thr=1   paramiko.transport: Received global request "hostkeys-00@openssh.com"
DEB [20180216-15:27:33.448] thr=1   paramiko.transport: Rejecting "hostkeys-00@openssh.com" global request from server.
DEB [20180216-15:27:33.490] thr=1   paramiko.transport: [chan 0] Max packet out: 32768 bytes
DEB [20180216-15:27:33.491] thr=1   paramiko.transport: Secsh channel 0 opened.
DEB [20180216-15:27:33.496] thr=1   paramiko.transport: [chan 0] Sesch channel 0 request ok
INF [20180216-15:27:33.500] thr=2   paramiko.transport.sftp: [chan 0] Opened sftp connection (server version 3)
DEB [20180216-15:27:33.501] thr=2   paramiko.transport.sftp: [chan 0] mkdir(b'/var/www/html/files/20180216_142733/', 511)
DEB [20180216-15:27:33.503] thr=2   paramiko.transport.sftp: [chan 0] open(b'/var/www/html/files/20180216_142733/.config', 'wb')
DEB [20180216-15:27:33.506] thr=2   paramiko.transport.sftp: [chan 0] open(b'/var/www/html/files/20180216_142733/.config', 'wb') -> 00000000
DEB [20180216-15:27:33.507] thr=2   paramiko.transport.sftp: [chan 0] close(00000000)
DEB [20180216-15:27:33.525] thr=2   paramiko.transport.sftp: [chan 0] stat(b'/var/www/html/files/20180216_142733/.config')
DEB [20180216-15:27:33.528] thr=2   paramiko.transport.sftp: [chan 0] open(b'/var/www/html/files/20180216_142733/std.log', 'wb')
DEB [20180216-15:27:33.531] thr=2   paramiko.transport.sftp: [chan 0] open(b'/var/www/html/files/20180216_142733/std.log', 'wb') -> 00000000
DEB [20180216-15:27:33.532] thr=2   paramiko.transport.sftp: [chan 0] close(00000000)
DEB [20180216-15:27:33.537] thr=2   paramiko.transport.sftp: [chan 0] stat(b'/var/www/html/files/20180216_142733/std.log')
DEB [20180216-15:27:33.540] thr=2   paramiko.transport.sftp: [chan 0] open(b'/var/www/html/files/20180216_142733/err.log', 'wb')
DEB [20180216-15:27:33.544] thr=2   paramiko.transport.sftp: [chan 0] open(b'/var/www/html/files/20180216_142733/err.log', 'wb') -> 00000000
DEB [20180216-15:27:33.544] thr=2   paramiko.transport.sftp: [chan 0] close(00000000)
DEB [20180216-15:27:33.550] thr=2   paramiko.transport.sftp: [chan 0] stat(b'/var/www/html/files/20180216_142733/err.log')
INF [20180216-15:27:33.553] thr=2   paramiko.transport.sftp: [chan 0] sftp session closed.
DEB [20180216-15:27:33.553] thr=2   paramiko.transport: [chan 0] EOF sent (0)
