00:00:00 [2018-06-26 09:00:42 CEST] [args_handler] Cleaning previous compilation
00:00:00 make: Entering directory '/TuxML/linux-4.13.3'
00:00:05 make: Leaving directory '/TuxML/linux-4.13.3'
00:00:05 [2018-06-26 09:00:47 CEST] [get_environment_details] Getting environment details
00:00:05 [2018-06-26 09:00:47 CEST] [get_compilation_details] Unable to find tuxml.conf
00:00:05     ==> hardware
00:00:05       --> cpu: Intel(R) Xeon(R) CPU E5-1607 v4 @ 3.10GHz
00:00:05       --> arch: x86_64
00:00:05       --> mechanical_drive: 0
00:00:05       --> cpu_cores: 4
00:00:05       --> cpu_freq: 2361
00:00:05       --> ram: 16344660
00:00:05     ==> system
00:00:05       --> kernel: 4.17.2-200.fc28.x86_64
00:00:05       --> distribution: debian
00:00:05       --> os: Linux
00:00:05       --> distrib_version: 9.4
00:00:05     ==> compilation
00:00:05       --> tuxml_version: pre-alpha v0.2
00:00:05       --> git_branch: 
00:00:05       --> gcc_version: 6.3.0-18+deb9u1
00:00:05       --> docker_image: 
00:00:05       --> core_used: 4
00:00:05       --> libc_version: 2.24-11+deb9u3
00:00:05       --> incremental_mod: 0
00:00:05 [2018-06-26 09:00:47 CEST] [get_package_manager] Finding package manager
00:00:05 [2018-06-26 09:00:47 CEST] [get_package_manager] Package manager is apt-get
00:00:05 [2018-06-26 09:00:47 CEST] [update_system] Updating packages repositories
00:00:07 [2018-06-26 09:00:49 CEST] [update_system] Packages repositories updated
00:00:07 [2018-06-26 09:00:49 CEST] [install_minimal_dependencies] Installing minimal dependencies
00:00:07 [2018-06-26 09:00:49 CEST] [install_packages] Installing packages : gcc make binutils util-linux e2fsprogs bc
00:00:08 [2018-06-26 09:00:50 CEST] [install_packages] All the packages were found and installed
00:00:08 [2018-06-26 09:00:50 CEST] [install_minimal_dependencies] Minimal dependencies successfully installed.
00:00:08 [2018-06-26 09:00:50 CEST] [install_default_dependencies] Installing default dependencies
00:00:08 [2018-06-26 09:00:50 CEST] [install_packages] Installing packages : kmod jfsutils xfsprogs btrfs-progs pcmciautils ppp grub iptables openssl reiserfsprogs squashfs-tools quotatool nfs-kernel-server procps mcelog libcrypto++6 apt-utils gcc-6-plugin-dev libssl-dev
00:00:12 [2018-06-26 09:00:54 CEST] [install_packages] All the packages were found and installed
00:00:12 [2018-06-26 09:00:54 CEST] [install_default_dependencies] Default dependencies successfully installed.
00:00:12 [2018-06-26 09:00:54 CEST] [gen_config] Using KCONFIG_FILE /TuxML/.config
00:00:12 [2018-06-26 09:00:54 CEST] [compilation] Compilation in progress
00:00:39 [2018-06-26 09:01:21 CEST] [compilation] Compilation done
00:00:39 [2018-06-26 09:01:21 CEST] [launcher] Successfully compiled in 00:00:27
00:00:39 [2018-06-26 09:01:21 CEST] [boot_try] Launching boot test on kernel
00:00:39 touch: cannot touch '/TuxML/linux-4.13.3/arch/x86_64/boot/initrd.img-4.13.3': No such file or directory
00:00:39 WARNING: missing /lib/modules/4.17.2-200.fc28.x86_64
00:00:39 Ensure all necessary drivers are built into the linux image!
00:00:39 depmod: ERROR: could not open directory /lib/modules/4.17.2-200.fc28.x86_64: No such file or directory
00:00:39 depmod: FATAL: could not search modules: No such file or directory
00:00:40 I: The initramfs will attempt to resume from /dev/dm-1
00:00:40 I: Set the RESUME variable to override this.
00:00:40 depmod: WARNING: could not open /var/tmp/mkinitramfs_6dbpYX/lib/modules/4.17.2-200.fc28.x86_64/modules.order: No such file or directory
00:00:40 depmod: WARNING: could not open /var/tmp/mkinitramfs_6dbpYX/lib/modules/4.17.2-200.fc28.x86_64/modules.builtin: No such file or directory
00:00:40 /usr/sbin/mkinitramfs: 368: /usr/sbin/mkinitramfs: cannot create : Directory nonexistent
00:00:40 /usr/sbin/mkinitramfs: 9: /usr/sbin/mkinitramfs: cannot create : Directory nonexistent
00:00:40 E: mkinitramfs failure cpio 141 gzip 2
00:00:40 [2018-06-26 09:01:22 CEST] [send_data] Sending compilation and tests results to database
00:00:40 [2018-06-26 09:01:22 CEST] [get_compressed_sizes] Getting compressed kernels
00:01:03 [2018-06-26 09:01:45 CEST] [get_size_kernel] kernel found: vmlinux
00:01:03 [2018-06-26 09:01:45 CEST] [send_data] Successfully sent info to db
00:01:03 [2018-06-26 09:01:45 CEST] [main] DATABASE CONFIGURATION ID=56591
