00:00:00 make: Entering directory '/TuxML/linux-4.13.3'
00:00:02   HOSTCC  scripts/basic/fixdep
00:00:02   HOSTCC  scripts/basic/bin2c
00:00:02   HOSTCC  scripts/kconfig/conf.o
00:00:02   HOSTCC  scripts/kconfig/zconf.tab.o
00:00:03   HOSTLD  scripts/kconfig/conf
00:00:03 scripts/kconfig/conf  --silentoldconfig Kconfig
00:00:04   SYSTBL  arch/x86/entry/syscalls/../../include/generated/asm/syscalls_32.h
00:00:04   SYSHDR  arch/x86/entry/syscalls/../../include/generated/uapi/asm/unistd_32.h
00:00:04   CHK     include/config/kernel.release
00:00:04   UPD     include/config/kernel.release
00:00:04   SYSHDR  arch/x86/entry/syscalls/../../include/generated/uapi/asm/unistd_64.h
00:00:04   SYSHDR  arch/x86/entry/syscalls/../../include/generated/uapi/asm/unistd_x32.h
00:00:04   CHK     include/generated/uapi/linux/version.h
00:00:04   UPD     include/generated/uapi/linux/version.h
00:00:04   CHK     include/generated/utsrelease.h
00:00:04   UPD     include/generated/utsrelease.h
00:00:05   HOSTCC  arch/x86/tools/relocs_32.o
00:00:05   HOSTCC  arch/x86/tools/relocs_64.o
00:00:05   HOSTCC  arch/x86/tools/relocs_common.o
00:00:05   WRAP    arch/x86/include/generated/asm/clkdev.h
00:00:05   WRAP    arch/x86/include/generated/asm/dma-contiguous.h
00:00:05   WRAP    arch/x86/include/generated/asm/early_ioremap.h
00:00:05   WRAP    arch/x86/include/generated/asm/mcs_spinlock.h
00:00:05   WRAP    arch/x86/include/generated/asm/mm-arch-hooks.h
00:00:05   CC      scripts/mod/empty.o
00:00:05   HOSTCC  scripts/mod/mk_elfconfig
00:00:05   HOSTCC  scripts/sortextable
00:00:06   CC      scripts/mod/devicetable-offsets.s
00:00:06   MKELF   scripts/mod/elfconfig.h
00:00:06   CHK     scripts/mod/devicetable-offsets.h
00:00:06   UPD     scripts/mod/devicetable-offsets.h
00:00:06   HOSTCC  scripts/mod/sumversion.o
00:00:06   HOSTLD  arch/x86/tools/relocs
00:00:06   CHK     include/generated/timeconst.h
00:00:06   CC      kernel/bounds.s
00:00:06   UPD     include/generated/timeconst.h
00:00:06   CHK     include/generated/bounds.h
00:00:06   UPD     include/generated/bounds.h
00:00:06   CC      arch/x86/kernel/asm-offsets.s
00:00:06   HOSTCC  scripts/mod/modpost.o
00:00:06   HOSTCC  scripts/mod/file2alias.o
00:00:06   CHK     include/generated/asm-offsets.h
00:00:06   UPD     include/generated/asm-offsets.h
00:00:06   CALL    scripts/checksyscalls.sh
00:00:06   HOSTLD  scripts/mod/modpost
00:00:06   CC      init/main.o
00:00:06   CC      init/do_mounts.o
00:00:06   CHK     include/generated/compile.h
00:00:06   AR      usr/built-in.o
00:00:06   UPD     include/generated/compile.h
00:00:06   AS      arch/x86/entry/entry_32.o
00:00:06   AS      arch/x86/entry/thunk_32.o
00:00:06   AR      arch/x86/crypto/built-in.o
00:00:06   CC      arch/x86/entry/syscall_32.o
00:00:06   CC      init/noinitramfs.o
00:00:06   CC      arch/x86/entry/common.o
00:00:07   CC      init/calibrate.o
00:00:07   CC      init/init_task.o
00:00:07   CC      init/version.o
00:00:07   AR      init/mounts.o
00:00:07   CC      arch/x86/events/core.o
00:00:07   CC      arch/x86/events/amd/core.o
00:00:07   CC      arch/x86/entry/vdso/vma.o
00:00:07   AR      init/built-in.o
00:00:07   CC      arch/x86/events/amd/uncore.o
00:00:07   CC      arch/x86/entry/vdso/vdso32-setup.o
00:00:07   CC      kernel/fork.o
00:00:07   AR      arch/x86/events/amd/built-in.o
00:00:07   LDS     arch/x86/entry/vdso/vdso32/vdso32.lds
00:00:07   CC      arch/x86/entry/vdso/vdso32/vclock_gettime.o
00:00:07   CC      kernel/exec_domain.o
00:00:07   CC      kernel/panic.o
00:00:07   CC      arch/x86/events/intel/core.o
00:00:07   AS      arch/x86/entry/vdso/vdso32/note.o
00:00:07   AS      arch/x86/entry/vdso/vdso32/system_call.o
00:00:08   AS      arch/x86/entry/vdso/vdso32/sigreturn.o
00:00:08   HOSTCC  arch/x86/entry/vdso/vdso2c
00:00:08   CC      kernel/cpu.o
00:00:08   CC      kernel/exit.o
00:00:08   CC      kernel/softirq.o
00:00:08   CC      arch/x86/events/intel/bts.o
00:00:08   VDSO    arch/x86/entry/vdso/vdso32.so.dbg
00:00:08   OBJCOPY arch/x86/entry/vdso/vdso32.so
00:00:08   VDSO2C  arch/x86/entry/vdso/vdso-image-32.c
00:00:08   CC      arch/x86/entry/vdso/vdso-image-32.o
00:00:08   AR      arch/x86/entry/vdso/built-in.o
00:00:08   CC      arch/x86/entry/vsyscall/vsyscall_gtod.o
00:00:08   CC      kernel/resource.o
00:00:08   CC      arch/x86/kernel/process_32.o
00:00:08   CC      arch/x86/events/intel/cqm.o
00:00:08   AR      arch/x86/entry/vsyscall/built-in.o
00:00:08   AR      arch/x86/entry/built-in.o
00:00:08   CC      arch/x86/mm/init.o
00:00:09   CC      arch/x86/kernel/signal.o
00:00:09   CC      kernel/sysctl.o
00:00:09   CC      arch/x86/events/intel/ds.o
00:00:09   CC      arch/x86/kernel/traps.o
00:00:09   CC      arch/x86/mm/init_32.o
00:00:09   CC      kernel/sysctl_binary.o
00:00:09   CC      arch/x86/events/intel/knc.o
00:00:09   CC      arch/x86/mm/fault.o
00:00:09   CC      kernel/capability.o
00:00:09   CC      arch/x86/kernel/irq.o
00:00:09   CC      kernel/ptrace.o
00:00:10   CC      arch/x86/kernel/irq_32.o
00:00:10   CC      arch/x86/mm/ioremap.o
00:00:10   CC      arch/x86/events/intel/lbr.o
00:00:10   CC      arch/x86/kernel/dumpstack_32.o
00:00:10   CC      kernel/user.o
00:00:10   CC      arch/x86/mm/extable.o
00:00:10   CC      arch/x86/events/intel/p4.o
00:00:10   CC      kernel/signal.o
00:00:10   CC      arch/x86/kernel/time.o
00:00:10   CC      arch/x86/mm/pageattr.o
00:00:10   CC      arch/x86/kernel/ioport.o
00:00:10   CC      arch/x86/events/intel/p6.o
00:00:10   CC      arch/x86/events/intel/pt.o
00:00:10   CC      arch/x86/kernel/dumpstack.o
00:00:11   CC      arch/x86/kernel/nmi.o
00:00:11   CC      arch/x86/mm/mmap.o
00:00:11   CC      kernel/sys.o
00:00:11   AR      arch/x86/events/intel/built-in.o
00:00:11   CC      arch/x86/mm/pat.o
00:00:11   AR      arch/x86/events/built-in.o
00:00:11   CC      arch/x86/kernel/setup.o
00:00:11   CC      kernel/kmod.o
00:00:11   CC      arch/x86/mm/pgtable.o
00:00:11   CC      kernel/workqueue.o
00:00:11   CC      arch/x86/kernel/x86_init.o
00:00:11   CC      kernel/pid.o
00:00:11   CC      arch/x86/kernel/i8259.o
00:00:11   CC      arch/x86/mm/physaddr.o
00:00:11   CC      arch/x86/mm/setup_nx.o
00:00:11   CC      arch/x86/kernel/irqinit.o
00:00:11   CC      arch/x86/mm/tlb.o
00:00:11   CC      kernel/task_work.o
00:00:12   CC      kernel/extable.o
00:00:12   CC      arch/x86/kernel/jump_label.o
00:00:12   CC      arch/x86/mm/pgtable_32.o
00:00:12   CC      arch/x86/kernel/probe_roms.o
00:00:12   CC      arch/x86/kernel/irq_work.o
00:00:12   CC      kernel/params.o
00:00:12   CC      arch/x86/kernel/bootflag.o
00:00:12   CC      arch/x86/mm/iomap_32.o
00:00:12   CC      arch/x86/kernel/e820.o
00:00:12   CC      arch/x86/kernel/pci-dma.o
00:00:12   CC      kernel/kthread.o
00:00:12   CC      arch/x86/mm/highmem_32.o
00:00:12   CC      arch/x86/kernel/quirks.o
00:00:12   AR      arch/x86/mm/built-in.o
00:00:12   CC      kernel/sys_ni.o
00:00:12   CC      kernel/nsproxy.o
00:00:12   CC      kernel/notifier.o
00:00:12   CC      arch/x86/kernel/topology.o
00:00:12   CC      arch/x86/kernel/kdebugfs.o
00:00:12   CC      arch/x86/kernel/alternative.o
00:00:13   CC      kernel/ksysfs.o
00:00:13   AR      certs/built-in.o
00:00:13   AR      arch/x86/net/built-in.o
00:00:13   CC      mm/filemap.o
00:00:13   CC      arch/x86/kernel/i8253.o
00:00:13   CC      arch/x86/kernel/pci-nommu.o
00:00:13   CC      arch/x86/kernel/hw_breakpoint.o
00:00:13   CC      kernel/cred.o
00:00:13   CC      mm/mempool.o
00:00:13   CC      arch/x86/kernel/tsc.o
00:00:13   CC      kernel/reboot.o
00:00:13   CC      arch/x86/kernel/tsc_msr.o
00:00:13   CC      arch/x86/kernel/io_delay.o
00:00:13   CC      arch/x86/kernel/rtc.o
00:00:13   CC      kernel/async.o
00:00:13   CC      arch/x86/kernel/pci-iommu_table.o
00:00:13   CC      mm/oom_kill.o
00:00:13   CC      kernel/range.o
00:00:13   CC      arch/x86/kernel/resource.o
00:00:13   CC      kernel/smpboot.o
00:00:13   CC      arch/x86/kernel/process.o
00:00:13   CC      fs/open.o
00:00:14   CC      kernel/ucount.o
00:00:14   CC      mm/maccess.o
00:00:14   CC      kernel/events/core.o
00:00:14   AR      arch/x86/kernel/acpi/built-in.o
00:00:14   CC      arch/x86/kernel/apic/hw_nmi.o
00:00:14   CC      mm/page_alloc.o
00:00:14   CC      fs/read_write.o
00:00:14   AR      arch/x86/kernel/apic/built-in.o
00:00:14   CC      arch/x86/kernel/cpu/intel_cacheinfo.o
00:00:14   CC      arch/x86/kernel/cpu/scattered.o
00:00:14   CC      arch/x86/kernel/cpu/topology.o
00:00:14   CC      arch/x86/kernel/cpu/common.o
00:00:14   CC      fs/file_table.o
00:00:15   CC      fs/super.o
00:00:15   CC      arch/x86/kernel/cpu/rdrand.o
00:00:15   CC      arch/x86/kernel/cpu/match.o
00:00:15   CC      arch/x86/kernel/cpu/bugs.o
00:00:15   CC      mm/page-writeback.o
00:00:15   CC      fs/char_dev.o
00:00:15   CC      arch/x86/kernel/cpu/intel.o
00:00:15   CC      fs/stat.o
00:00:15   CC      arch/x86/kernel/cpu/amd.o
00:00:15   CC      arch/x86/kernel/cpu/cyrix.o
00:00:15   CC      fs/exec.o
00:00:15   CC      mm/readahead.o
00:00:16   CC      kernel/events/ring_buffer.o
00:00:16   CC      arch/x86/kernel/cpu/centaur.o
00:00:16   CC      arch/x86/kernel/cpu/transmeta.o
00:00:16   CC      mm/swap.o
00:00:16   CC      arch/x86/kernel/cpu/umc.o
00:00:16   CC      fs/pipe.o
00:00:16   AR      arch/x86/kernel/cpu/built-in.o
00:00:16   CC      arch/x86/kernel/fpu/init.o
00:00:16   CC      kernel/events/callchain.o
00:00:16   CC      arch/x86/kernel/fpu/bugs.o
00:00:16   CC      kernel/events/hw_breakpoint.o
00:00:16   CC      mm/truncate.o
00:00:16   CC      arch/x86/kernel/fpu/core.o
00:00:16   CC      fs/namei.o
00:00:16   AR      kernel/events/built-in.o
00:00:16   CC      kernel/irq/irqdesc.o
00:00:16   CC      arch/x86/kernel/fpu/regset.o
00:00:16   CC      mm/vmscan.o
00:00:17   CC      kernel/irq/handle.o
00:00:17   CC      arch/x86/kernel/fpu/signal.o
00:00:17   CC      kernel/irq/manage.o
00:00:17   CC      arch/x86/kernel/fpu/xstate.o
00:00:17   CC      kernel/irq/spurious.o
00:00:17   AR      arch/x86/kernel/fpu/built-in.o
00:00:17   AR      arch/x86/kernel/kprobes/built-in.o
00:00:17   CC      arch/x86/kernel/ptrace.o
00:00:17   CC      mm/shmem.o
00:00:17   CC      kernel/irq/resend.o
00:00:17   CC      mm/util.o
00:00:17   CC      kernel/irq/chip.o
00:00:17   CC      fs/fcntl.o
00:00:17   CC      arch/x86/kernel/tls.o
00:00:17   CC      mm/mmzone.o
00:00:18   CC      kernel/irq/dummychip.o
00:00:18   CC      fs/ioctl.o
00:00:18   CC      arch/x86/kernel/step.o
00:00:18   CC      kernel/irq/devres.o
00:00:18   CC      mm/vmstat.o
00:00:18   CC      kernel/irq/autoprobe.o
00:00:18   CC      arch/x86/kernel/i8237.o
00:00:18   CC      mm/backing-dev.o
00:00:18   CC      fs/readdir.o
00:00:18   CC      arch/x86/kernel/reboot.o
00:00:18   AR      kernel/irq/built-in.o
00:00:18   AR      kernel/livepatch/built-in.o
00:00:18   CC      kernel/locking/mutex.o
00:00:18   CC      fs/select.o
00:00:18   CC      arch/x86/kernel/tsc_sync.o
00:00:18   CC      mm/mm_init.o
00:00:18   CC      kernel/locking/semaphore.o
00:00:18   CC      arch/x86/kernel/trace_clock.o
00:00:18   CC      arch/x86/kernel/sysfb.o
00:00:18   CC      mm/mmu_context.o
00:00:18   CC      kernel/locking/rwsem.o
00:00:18   CC      arch/x86/kernel/perf_regs.o
00:00:18   CC      kernel/locking/percpu-rwsem.o
00:00:18   CC      mm/percpu.o
00:00:18   CC      kernel/locking/rwsem-xadd.o
00:00:18   CC      arch/x86/kernel/unwind_guess.o
00:00:19   CC      fs/dcache.o
00:00:19   AR      kernel/locking/built-in.o
00:00:19   CC      kernel/power/qos.o
00:00:19   AS      arch/x86/kernel/head_32.o
00:00:19   CC      arch/x86/kernel/head32.o
00:00:19   CC      arch/x86/kernel/ebda.o
00:00:19   CC      mm/slab_common.o
00:00:19   AR      kernel/power/built-in.o
00:00:19   CC      kernel/printk/printk.o
00:00:19   CC      arch/x86/kernel/platform-quirks.o
00:00:19   LDS     arch/x86/kernel/vmlinux.lds
00:00:19   AR      arch/x86/kernel/built-in.o
00:00:19   AR      arch/x86/platform/atom/built-in.o
00:00:19   AR      arch/x86/platform/ce4100/built-in.o
00:00:19   AR      arch/x86/platform/efi/built-in.o
00:00:19   AR      arch/x86/platform/geode/built-in.o
00:00:19   AR      arch/x86/platform/goldfish/built-in.o
00:00:19   AR      arch/x86/platform/intel/built-in.o
00:00:19   AR      arch/x86/platform/intel-mid/built-in.o
00:00:19   AR      arch/x86/platform/intel-quark/built-in.o
00:00:19   AR      arch/x86/platform/iris/built-in.o
00:00:19   AR      arch/x86/platform/olpc/built-in.o
00:00:19   AR      arch/x86/platform/scx200/built-in.o
00:00:19   AR      arch/x86/platform/sfi/built-in.o
00:00:19   AR      arch/x86/platform/ts5500/built-in.o
00:00:19   AR      arch/x86/platform/uv/built-in.o
00:00:19   AR      arch/x86/platform/built-in.o
00:00:19   CC      arch/x86/realmode/init.o
00:00:19   CC      mm/compaction.o
00:00:19   AR      kernel/printk/built-in.o
00:00:19   CC      kernel/rcu/update.o
00:00:19   AS      arch/x86/realmode/rm/header.o
00:00:19   CC      fs/inode.o
00:00:19   AS      arch/x86/realmode/rm/trampoline_32.o
00:00:19   AS      arch/x86/realmode/rm/stack.o
00:00:19   AS      arch/x86/realmode/rm/reboot.o
00:00:19   PASYMS  arch/x86/realmode/rm/pasyms.h
00:00:19   LDS     arch/x86/realmode/rm/realmode.lds
00:00:19   LD      arch/x86/realmode/rm/realmode.elf
00:00:19   RELOCS  arch/x86/realmode/rm/realmode.relocs
00:00:19   OBJCOPY arch/x86/realmode/rm/realmode.bin
00:00:19   AS      arch/x86/realmode/rmpiggy.o
00:00:19   CC      mm/vmacache.o
00:00:19   AR      arch/x86/realmode/built-in.o
00:00:19   AR      arch/x86/built-in.o
00:00:19   CC      kernel/rcu/sync.o
00:00:19   AR      ipc/built-in.o
00:00:19   CC      fs/attr.o
00:00:19   CC      kernel/rcu/srcutiny.o
00:00:19   CC      mm/swap_slots.o
00:00:20   CC      fs/bad_inode.o
00:00:20   CC      kernel/rcu/tiny.o
00:00:20   CC      mm/interval_tree.o
00:00:20   AR      kernel/rcu/built-in.o
00:00:20   CC      kernel/sched/core.o
00:00:20   CC      security/commoncap.o
00:00:20   CC      fs/file.o
00:00:20   CC      mm/list_lru.o
00:00:20   CC      security/min_addr.o
00:00:20   CC      mm/workingset.o
00:00:20   CC      fs/filesystems.o
00:00:20   AR      security/built-in.o
00:00:20   AR      crypto/built-in.o
00:00:20   AR      block/built-in.o
00:00:20   AR      drivers/amba/built-in.o
00:00:20   AR      drivers/auxdisplay/built-in.o
00:00:20   CC      drivers/base/component.o
00:00:20   CC      mm/debug.o
00:00:20   CC      fs/namespace.o
00:00:20   CC      kernel/sched/loadavg.o
00:00:20   CC      drivers/base/core.o
00:00:20   CC      mm/gup.o
00:00:20   CC      kernel/sched/clock.o
00:00:21   CC      kernel/sched/cputime.o
00:00:21   CC      kernel/sched/idle_task.o
00:00:21   CC      mm/highmem.o
00:00:21   CC      kernel/sched/fair.o
00:00:21   CC      drivers/base/bus.o
00:00:21   CC      mm/memory.o
00:00:21   CC      fs/seq_file.o
00:00:21   CC      drivers/base/dd.o
00:00:21   CC      kernel/sched/rt.o
00:00:21   CC      fs/xattr.o
00:00:21   CC      drivers/base/syscore.o
00:00:21   CC      kernel/sched/deadline.o
00:00:22   CC      drivers/base/driver.o
00:00:22   CC      mm/mincore.o
00:00:22   CC      drivers/base/class.o
00:00:22   CC      fs/libfs.o
00:00:22   CC      kernel/sched/wait.o
00:00:22   CC      drivers/base/platform.o
00:00:22   CC      mm/mlock.o
00:00:22   CC      kernel/sched/wait_bit.o
00:00:22   CC      fs/fs-writeback.o
00:00:22   CC      kernel/sched/swait.o
00:00:22   CC      kernel/sched/completion.o
00:00:22   CC      drivers/base/cpu.o
00:00:22   CC      mm/mmap.o
00:00:22   CC      kernel/sched/idle.o
00:00:22   CC      drivers/base/firmware.o
00:00:23   CC      fs/pnode.o
00:00:23   CC      drivers/base/init.o
00:00:23   AR      kernel/sched/built-in.o
00:00:23   CC      kernel/time/time.o
00:00:23   CC      drivers/base/map.o
00:00:23   CC      fs/splice.o
00:00:23   CC      drivers/base/devres.o
00:00:23   CC      kernel/time/timer.o
00:00:23   CC      mm/mprotect.o
00:00:23   CC      drivers/base/attribute_container.o
00:00:23   CC      drivers/base/transport_class.o
00:00:23   CC      kernel/time/hrtimer.o
00:00:23   CC      fs/sync.o
00:00:23   CC      mm/mremap.o
00:00:23   CC      drivers/base/topology.o
00:00:23   CC      drivers/base/container.o
00:00:23   CC      fs/utimes.o
00:00:24   CC      kernel/time/timekeeping.o
00:00:24   CC      mm/msync.o
00:00:24   CC      drivers/base/property.o
00:00:24   CC      fs/stack.o
00:00:24   CC      mm/page_vma_mapped.o
00:00:24   CC      fs/fs_struct.o
00:00:24   CC      fs/statfs.o
00:00:24   CC      mm/pagewalk.o
00:00:24   CC      drivers/base/cacheinfo.o
00:00:24   CC      kernel/time/ntp.o
00:00:24   CC      mm/pgtable-generic.o
00:00:24   CC      fs/fs_pin.o
00:00:24   AR      drivers/base/power/built-in.o
00:00:24   AR      drivers/base/test/built-in.o
00:00:24   CC      drivers/base/dma-mapping.o
00:00:24   CC      fs/nsfs.o
00:00:24   CC      mm/rmap.o
00:00:24   CC      kernel/time/clocksource.o
00:00:24   CC      fs/no-block.o
00:00:24   CC      drivers/base/dma-coherent.o
00:00:24   AR      fs/devpts/built-in.o
00:00:24   AR      fs/exofs/built-in.o
00:00:24   AR      fs/notify/dnotify/built-in.o
00:00:24   AR      fs/notify/fanotify/built-in.o
00:00:24   AR      fs/notify/inotify/built-in.o
00:00:24   AR      fs/notify/built-in.o
00:00:24   AR      fs/quota/built-in.o
00:00:24   CC      fs/ramfs/inode.o
00:00:25   CC      kernel/time/jiffies.o
00:00:25   AR      drivers/base/built-in.o
00:00:25   AR      drivers/block/built-in.o
00:00:25   AR      drivers/bus/built-in.o
00:00:25   AR      drivers/cdrom/built-in.o
00:00:25   CC      drivers/char/mem.o
00:00:25   CC      kernel/time/timer_list.o
00:00:25   CC      mm/vmalloc.o
00:00:25   CC      fs/ramfs/file-mmu.o
00:00:25   CC      drivers/char/random.o
00:00:25   AR      fs/ramfs/ramfs.o
00:00:25   CC      kernel/time/timeconv.o
00:00:25   AR      fs/ramfs/built-in.o
00:00:25   CC      fs/anon_inodes.o
00:00:25   CC      kernel/time/timecounter.o
00:00:25   CC      kernel/time/alarmtimer.o
00:00:25   AR      fs/built-in.o
00:00:25   AR      drivers/char/ipmi/built-in.o
00:00:25   CC      kernel/dma.o
00:00:25   CC      kernel/up.o
00:00:25   CC      kernel/time/posix-stubs.o
00:00:25   CC      mm/init-mm.o
00:00:25   CC      kernel/irq_work.o
00:00:25   CC      drivers/char/misc.o
00:00:25   CC      mm/nobootmem.o
00:00:25   CC      kernel/memremap.o
00:00:25   CC      kernel/time/clockevents.o
00:00:25   AR      drivers/char/agp/built-in.o
00:00:25   AR      drivers/char/built-in.o
00:00:25   AR      drivers/clk/bcm/built-in.o
00:00:25   AR      drivers/clk/imgtec/built-in.o
00:00:25   AR      drivers/clk/mvebu/built-in.o
00:00:25   AR      drivers/clk/renesas/built-in.o
00:00:25   AR      drivers/clk/ti/built-in.o
00:00:25   AR      drivers/clk/built-in.o
00:00:25   CC      drivers/clocksource/i8253.o
00:00:25   CC      mm/memblock.o
00:00:25   CC      mm/dmapool.o
00:00:26   CC      kernel/time/tick-common.o
00:00:26   AR      drivers/clocksource/built-in.o
00:00:26   AR      drivers/firewire/built-in.o
00:00:26   AR      drivers/firmware/broadcom/built-in.o
00:00:26   AR      drivers/firmware/meson/built-in.o
00:00:26   AR      drivers/firmware/tegra/built-in.o
00:00:26   AR      drivers/firmware/built-in.o
00:00:26   AR      drivers/gpu/drm/bridge/synopsys/built-in.o
00:00:26   AR      drivers/gpu/drm/bridge/built-in.o
00:00:26   AR      drivers/gpu/drm/hisilicon/built-in.o
00:00:26   AR      drivers/gpu/drm/i2c/built-in.o
00:00:26   AR      drivers/gpu/drm/omapdrm/displays/built-in.o
00:00:26   AR      drivers/gpu/drm/omapdrm/dss/built-in.o
00:00:26   AR      drivers/gpu/drm/omapdrm/built-in.o
00:00:26   AR      drivers/gpu/drm/panel/built-in.o
00:00:26   AR      drivers/gpu/drm/tilcdc/built-in.o
00:00:26   AR      drivers/gpu/drm/built-in.o
00:00:26   AR      drivers/gpu/vga/built-in.o
00:00:26   AR      drivers/gpu/built-in.o
00:00:26   AR      drivers/hwtracing/intel_th/built-in.o
00:00:26   AR      drivers/i2c/algos/built-in.o
00:00:26   AR      drivers/i2c/busses/built-in.o
00:00:26   AR      drivers/i2c/muxes/built-in.o
00:00:26   AR      drivers/i2c/built-in.o
00:00:26   AR      drivers/idle/built-in.o
00:00:26   AR      drivers/irqchip/built-in.o
00:00:26   AR      drivers/lguest/built-in.o
00:00:26   AR      drivers/macintosh/built-in.o
00:00:26   AR      drivers/media/common/b2c2/built-in.o
00:00:26   AR      drivers/media/common/saa7146/built-in.o
00:00:26   AR      drivers/media/common/siano/built-in.o
00:00:26   AR      drivers/media/common/v4l2-tpg/built-in.o
00:00:26   AR      drivers/media/common/built-in.o
00:00:26   AR      sound/built-in.o
00:00:26   CC      mm/slub.o
00:00:26   AR      drivers/media/firewire/built-in.o
00:00:26   AR      drivers/media/i2c/soc_camera/built-in.o
00:00:26   AR      drivers/media/i2c/built-in.o
00:00:26   AR      kernel/time/built-in.o
00:00:26   AR      drivers/media/mmc/siano/built-in.o
00:00:26   AR      kernel/built-in.o
00:00:26   AR      drivers/media/mmc/built-in.o
00:00:26   AR      drivers/media/pci/b2c2/built-in.o
00:00:26   AR      drivers/mfd/built-in.o
00:00:26   AR      drivers/media/pci/ddbridge/built-in.o
00:00:26   AR      drivers/media/pci/dm1105/built-in.o
00:00:26   AR      drivers/media/pci/mantis/built-in.o
00:00:26   AR      drivers/media/platform/blackfin/built-in.o
00:00:26   AR      drivers/media/pci/netup_unidvb/built-in.o
00:00:26   AR      drivers/media/platform/davinci/built-in.o
00:00:26   AR      drivers/media/pci/ngene/built-in.o
00:00:26   AR      drivers/media/platform/omap/built-in.o
00:00:26   AR      drivers/media/pci/pluto2/built-in.o
00:00:26   AR      drivers/media/platform/stm32/built-in.o
00:00:26   AR      drivers/media/pci/pt1/built-in.o
00:00:26   AR      drivers/media/platform/built-in.o
00:00:26   AR      drivers/media/pci/pt3/built-in.o
00:00:26   CC      mm/early_ioremap.o
00:00:26   AR      drivers/media/pci/saa7146/built-in.o
00:00:26   AR      drivers/media/pci/smipcie/built-in.o
00:00:26   AR      drivers/media/pci/ttpci/built-in.o
00:00:26   AR      drivers/media/pci/built-in.o
00:00:26   AR      drivers/media/rc/keymaps/built-in.o
00:00:26   AR      drivers/media/rc/built-in.o
00:00:26   AR      drivers/media/spi/built-in.o
00:00:26   AR      drivers/media/tuners/built-in.o
00:00:26   AR      drivers/media/usb/b2c2/built-in.o
00:00:26   AR      drivers/media/usb/dvb-usb/built-in.o
00:00:26   AR      drivers/misc/cb710/built-in.o
00:00:26   AR      drivers/media/usb/dvb-usb-v2/built-in.o
00:00:26   AR      drivers/misc/eeprom/built-in.o
00:00:26   AR      drivers/media/usb/s2255/built-in.o
00:00:26   AR      drivers/misc/lis3lv02d/built-in.o
00:00:26   AR      drivers/media/usb/siano/built-in.o
00:00:26   AR      drivers/media/usb/stkwebcam/built-in.o
00:00:26   AR      drivers/misc/mic/bus/built-in.o
00:00:26   AR      drivers/media/usb/ttusb-budget/built-in.o
00:00:26   AR      drivers/misc/mic/built-in.o
00:00:26   AR      drivers/media/usb/ttusb-dec/built-in.o
00:00:26   AR      drivers/misc/ti-st/built-in.o
00:00:26   AR      drivers/misc/built-in.o
00:00:26   AR      drivers/media/usb/zr364xx/built-in.o
00:00:26   AR      drivers/media/usb/built-in.o
00:00:26   AR      drivers/mmc/built-in.o
00:00:26   AR      drivers/net/phy/built-in.o
00:00:26   AR      drivers/media/built-in.o
00:00:26   AR      drivers/net/built-in.o
00:00:26   AR      drivers/nfc/built-in.o
00:00:26   AR      drivers/pci/dwc/built-in.o
00:00:26   AR      drivers/nvme/host/built-in.o
00:00:26   AR      drivers/nvme/target/built-in.o
00:00:26   AR      drivers/perf/built-in.o
00:00:26   AR      drivers/nvme/built-in.o
00:00:26   AR      drivers/platform/x86/built-in.o
00:00:26   AR      drivers/platform/built-in.o
00:00:26   AR      drivers/power/built-in.o
00:00:26   AR      firmware/built-in.o
00:00:26   AR      drivers/ptp/built-in.o
00:00:26   AR      drivers/pwm/built-in.o
00:00:26   CC      drivers/rtc/rtc-lib.o
00:00:26   AR      drivers/soc/bcm/built-in.o
00:00:26   AR      net/built-in.o
00:00:26   AR      drivers/soc/fsl/built-in.o
00:00:26   AR      drivers/soc/renesas/built-in.o
00:00:26   AR      drivers/tty/ipwireless/built-in.o
00:00:26   AR      drivers/soc/built-in.o
00:00:26   AR      drivers/tty/serial/built-in.o
00:00:26   AR      drivers/tty/vt/built-in.o
00:00:26   AR      drivers/video/backlight/built-in.o
00:00:26   AR      drivers/tty/built-in.o
00:00:26   AR      drivers/video/fbdev/core/built-in.o
00:00:26   AR      drivers/video/fbdev/omap2/omapfb/displays/built-in.o
00:00:26   CC      lib/lockref.o
00:00:26   AR      drivers/video/fbdev/omap2/omapfb/dss/built-in.o
00:00:26   AR      drivers/video/fbdev/omap2/omapfb/built-in.o
00:00:26   AR      drivers/video/fbdev/omap2/built-in.o
00:00:26   AR      drivers/video/fbdev/built-in.o
00:00:26   AR      drivers/video/built-in.o
00:00:26   CC      arch/x86/lib/msr.o
00:00:26   CC      lib/bcd.o
00:00:26   CC      lib/div64.o
00:00:26   CC      drivers/rtc/rtc-mc146818-lib.o
00:00:26   AS      arch/x86/lib/msr-reg.o
00:00:26   CC      arch/x86/lib/msr-reg-export.o
00:00:26   CC      lib/sort.o
00:00:26   AS      arch/x86/lib/hweight.o
00:00:26   CC      arch/x86/lib/atomic64_32.o
00:00:26   CC      lib/parser.o
00:00:26   AS      arch/x86/lib/atomic64_cx8_32.o
00:00:26   AS      arch/x86/lib/checksum_32.o
00:00:26   CC      arch/x86/lib/cmdline.o
00:00:26   AR      mm/built-in.o
00:00:26   CC      lib/debug_locks.o
00:00:26   AR      drivers/rtc/built-in.o
00:00:26   AR      drivers/built-in.o
00:00:26   CC      arch/x86/lib/cpu.o
00:00:26   CC      arch/x86/lib/delay.o
00:00:26   AS      arch/x86/lib/getuser.o
00:00:26   AR      virt/lib/built-in.o
00:00:26   AR      virt/built-in.o
00:00:26   GEN     arch/x86/lib/inat-tables.c
00:00:26   CC      arch/x86/lib/insn.o
00:00:26   CC      arch/x86/lib/memcpy_32.o
00:00:26   CC      lib/random32.o
00:00:26   CC      arch/x86/lib/misc.o
00:00:26   AS      arch/x86/lib/putuser.o
00:00:26   AS      arch/x86/lib/rwsem.o
00:00:26   CC      arch/x86/lib/string_32.o
00:00:26   CC      arch/x86/lib/strstr_32.o
00:00:26   CC      arch/x86/lib/usercopy.o
00:00:26   CC      arch/x86/lib/usercopy_32.o
00:00:26   CC      lib/bust_spinlocks.o
00:00:26   CC      arch/x86/lib/inat.o
00:00:27   CC      lib/kasprintf.o
00:00:27   CC      lib/bitmap.o
00:00:27   AR      arch/x86/lib/lib.a
00:00:27   EXPORTS arch/x86/lib/lib-ksyms.o
00:00:27   AR      arch/x86/lib/built-in.o
00:00:27   CC      lib/scatterlist.o
00:00:27   CC      lib/gcd.o
00:00:27   CC      lib/lcm.o
00:00:27   CC      lib/list_sort.o
00:00:27   CC      lib/uuid.o
00:00:27   CC      lib/flex_array.o
00:00:27   CC      lib/iov_iter.o
00:00:27   CC      lib/clz_ctz.o
00:00:27   CC      lib/bsearch.o
00:00:27   CC      lib/find_bit.o
00:00:27   CC      lib/llist.o
00:00:27   CC      lib/memweight.o
00:00:27   CC      lib/kfifo.o
00:00:27   CC      lib/percpu-refcount.o
00:00:27   CC      lib/percpu_ida.o
00:00:27   CC      lib/rhashtable.o
00:00:27   CC      lib/reciprocal_div.o
00:00:27   CC      lib/once.o
00:00:27   CC      lib/refcount.o
00:00:27   CC      lib/usercopy.o
00:00:27   CC      lib/errseq.o
00:00:27   CC      lib/string_helpers.o
00:00:27   CC      lib/hexdump.o
00:00:27   CC      lib/kstrtox.o
00:00:27   CC      lib/iomap.o
00:00:27   CC      lib/pci_iomap.o
00:00:27   CC      lib/iomap_copy.o
00:00:28   CC      lib/devres.o
00:00:28   CC      lib/hweight.o
00:00:28   CC      lib/syscall.o
00:00:28   CC      lib/strncpy_from_user.o
00:00:28   CC      lib/strnlen_user.o
00:00:28   CC      lib/argv_split.o
00:00:28   CC      lib/chacha20.o
00:00:28   CC      lib/cmdline.o
00:00:28   CC      lib/ctype.o
00:00:28   CC      lib/dec_and_lock.o
00:00:28   CC      lib/decompress.o
00:00:28   CC      lib/dump_stack.o
00:00:28   CC      lib/earlycpio.o
00:00:28   CC      lib/extable.o
00:00:28   CC      lib/flex_proportions.o
00:00:28   CC      lib/idr.o
00:00:28   CC      lib/int_sqrt.o
00:00:28   CC      lib/ioremap.o
00:00:28   CC      lib/irq_regs.o
00:00:28   CC      lib/is_single_threaded.o
00:00:28   CC      lib/klist.o
00:00:28   CC      lib/kobject.o
00:00:28   CC      lib/kobject_uevent.o
00:00:28   CC      lib/nmi_backtrace.o
00:00:28   CC      lib/nodemask.o
00:00:28   CC      lib/plist.o
00:00:28   CC      lib/radix-tree.o
00:00:28   CC      lib/ratelimit.o
00:00:28   CC      lib/rbtree.o
00:00:28   CC      lib/seq_buf.o
00:00:28   CC      lib/sha1.o
00:00:28   CC      lib/show_mem.o
00:00:28   CC      lib/siphash.o
00:00:28   CC      lib/string.o
00:00:28   CC      lib/timerqueue.o
00:00:29   CC      lib/vsprintf.o
00:00:29   CC      lib/win_minmax.o
00:00:29   AR      lib/lib.a
00:00:29   EXPORTS lib/lib-ksyms.o
00:00:29   AR      lib/built-in.o
00:00:29   GEN     .version
00:00:29   CHK     include/generated/compile.h
00:00:29   UPD     include/generated/compile.h
00:00:29   CC      init/version.o
00:00:29   AR      init/built-in.o
00:00:29   AR      built-in.o
00:00:29   LD      vmlinux.o
00:00:29   MODPOST vmlinux.o
00:00:29   LD      vmlinux
00:00:30   SORTEX  vmlinux
00:00:30   SYSMAP  System.map
00:00:30   CC      arch/x86/boot/a20.o
00:00:30   AS      arch/x86/boot/bioscall.o
00:00:30   CC      arch/x86/boot/cmdline.o
00:00:30   AS      arch/x86/boot/copy.o
00:00:30   CC      arch/x86/boot/cpu.o
00:00:30   CC      arch/x86/boot/cpuflags.o
00:00:30   CC      arch/x86/boot/cpucheck.o
00:00:30   CC      arch/x86/boot/early_serial_console.o
00:00:30   CC      arch/x86/boot/edd.o
00:00:30   CC      arch/x86/boot/main.o
00:00:30   CC      arch/x86/boot/memory.o
00:00:30   CC      arch/x86/boot/pm.o
00:00:30   AS      arch/x86/boot/pmjump.o
00:00:30   CC      arch/x86/boot/printf.o
00:00:30   CC      arch/x86/boot/regs.o
00:00:30   LDS     arch/x86/boot/compressed/vmlinux.lds
00:00:30   CC      arch/x86/boot/string.o
00:00:30   AS      arch/x86/boot/compressed/head_32.o
00:00:30   CC      arch/x86/boot/tty.o
00:00:30   VOFFSET arch/x86/boot/compressed/../voffset.h
00:00:30   CC      arch/x86/boot/compressed/string.o
00:00:30   CC      arch/x86/boot/video.o
00:00:30   CC      arch/x86/boot/video-mode.o
00:00:30   CC      arch/x86/boot/version.o
00:00:30   CC      arch/x86/boot/video-vga.o
00:00:30   CC      arch/x86/boot/compressed/cmdline.o
00:00:30   CC      arch/x86/boot/video-vesa.o
00:00:30   CC      arch/x86/boot/video-bios.o
00:00:30   HOSTCC  arch/x86/boot/tools/build
00:00:30   CC      arch/x86/boot/compressed/error.o
00:00:30   OBJCOPY arch/x86/boot/compressed/vmlinux.bin
00:00:30   HOSTCC  arch/x86/boot/compressed/mkpiggy
00:00:30   CC      arch/x86/boot/compressed/cpuflags.o
00:00:30   CC      arch/x86/boot/compressed/misc.o
00:00:30   GZIP    arch/x86/boot/compressed/vmlinux.bin.gz
00:00:30   MKPIGGY arch/x86/boot/compressed/piggy.S
00:00:30   AS      arch/x86/boot/compressed/piggy.o
00:00:30   DATAREL arch/x86/boot/compressed/vmlinux
00:00:30   LD      arch/x86/boot/compressed/vmlinux
00:00:30   ZOFFSET arch/x86/boot/zoffset.h
00:00:30   OBJCOPY arch/x86/boot/vmlinux.bin
00:00:30   AS      arch/x86/boot/header.o
00:00:30   LD      arch/x86/boot/setup.elf
00:00:30   OBJCOPY arch/x86/boot/setup.bin
00:00:30   BUILD   arch/x86/boot/bzImage
00:00:30 Setup is 15516 bytes (padded to 15872 bytes).
00:00:30 System is 557 kB
00:00:30 CRC cfdc8858
00:00:30 Kernel: arch/x86/boot/bzImage is ready  (#1)
00:00:30 make: Leaving directory '/TuxML/linux-4.13.3'
