00:00:01 [2018-06-26 09:07:56 CEST] [args_handler] Cleaning previous compilation
00:00:01 make: Entering directory '/TuxML/linux-4.13.3'
00:00:05 make: Leaving directory '/TuxML/linux-4.13.3'
00:00:05 [2018-06-26 09:08:00 CEST] [get_environment_details] Getting environment details
00:00:05 [2018-06-26 09:08:00 CEST] [get_compilation_details] Unable to find tuxml.conf
00:00:05     ==> compilation
00:00:05       --> git_branch: 
00:00:05       --> libc_version: 2.24-11+deb9u3
00:00:05       --> docker_image: 
00:00:05       --> gcc_version: 6.3.0-18+deb9u1
00:00:05       --> core_used: 4
00:00:05       --> tuxml_version: pre-alpha v0.2
00:00:05       --> incremental_mod: 0
00:00:05     ==> system
00:00:05       --> kernel: 4.17.2-200.fc28.x86_64
00:00:05       --> distribution: debian
00:00:05       --> distrib_version: 9.4
00:00:05       --> os: Linux
00:00:05     ==> hardware
00:00:05       --> ram: 16344660
00:00:05       --> cpu_cores: 4
00:00:05       --> mechanical_drive: 0
00:00:05       --> cpu_freq: 1451
00:00:05       --> arch: x86_64
00:00:05       --> cpu: Intel(R) Xeon(R) CPU E5-1607 v4 @ 3.10GHz
00:00:05 [2018-06-26 09:08:00 CEST] [get_package_manager] Finding package manager
00:00:05 [2018-06-26 09:08:00 CEST] [get_package_manager] Package manager is apt-get
00:00:05 [2018-06-26 09:08:00 CEST] [update_system] Updating packages repositories
00:00:07 [2018-06-26 09:08:02 CEST] [update_system] Packages repositories updated
00:00:07 [2018-06-26 09:08:02 CEST] [install_minimal_dependencies] Installing minimal dependencies
00:00:07 [2018-06-26 09:08:02 CEST] [install_packages] Installing packages : gcc make binutils util-linux e2fsprogs bc
00:00:08 [2018-06-26 09:08:03 CEST] [install_packages] All the packages were found and installed
00:00:08 [2018-06-26 09:08:03 CEST] [install_minimal_dependencies] Minimal dependencies successfully installed.
00:00:08 [2018-06-26 09:08:03 CEST] [install_default_dependencies] Installing default dependencies
00:00:08 [2018-06-26 09:08:03 CEST] [install_packages] Installing packages : kmod jfsutils xfsprogs btrfs-progs pcmciautils ppp grub iptables openssl reiserfsprogs squashfs-tools quotatool nfs-kernel-server procps mcelog libcrypto++6 apt-utils gcc-6-plugin-dev libssl-dev
00:00:12 [2018-06-26 09:08:07 CEST] [install_packages] All the packages were found and installed
00:00:12 [2018-06-26 09:08:07 CEST] [install_default_dependencies] Default dependencies successfully installed.
00:00:12 [2018-06-26 09:08:07 CEST] [gen_config] Using KCONFIG_FILE /TuxML/.config
00:00:12 [2018-06-26 09:08:07 CEST] [compilation] Compilation in progress
00:37:34 [2018-06-26 09:45:29 CEST] [compilation] Compilation done
00:37:34 [2018-06-26 09:45:29 CEST] [launcher] Successfully compiled in 00:37:21
00:37:34 [2018-06-26 09:45:29 CEST] [boot_try] Launching boot test on kernel
00:37:34 WARNING: missing /lib/modules/4.17.2-200.fc28.x86_64
00:37:34 Ensure all necessary drivers are built into the linux image!
00:37:34 depmod: ERROR: could not open directory /lib/modules/4.17.2-200.fc28.x86_64: No such file or directory
00:37:34 depmod: FATAL: could not search modules: No such file or directory
00:37:34 I: The initramfs will attempt to resume from /dev/dm-1
00:37:34 I: Set the RESUME variable to override this.
00:37:35 depmod: WARNING: could not open /var/tmp/mkinitramfs_FRGWqL/lib/modules/4.17.2-200.fc28.x86_64/modules.order: No such file or directory
00:37:35 depmod: WARNING: could not open /var/tmp/mkinitramfs_FRGWqL/lib/modules/4.17.2-200.fc28.x86_64/modules.builtin: No such file or directory
00:37:35 Could not initialize SDL(No available video device) - exiting
00:39:31 [2018-06-26 09:47:26 CEST] [boot_try] More than 60 attempts at reading, possible infinite loop in boot process, interrupting
00:39:31 [2018-06-26 09:47:26 CEST] [send_data] Sending compilation and tests results to database
00:39:31 [2018-06-26 09:47:26 CEST] [get_compressed_sizes] Getting compressed kernels
00:55:33 [2018-06-26 10:03:28 CEST] [get_size_kernel] kernel found: vmlinux
00:55:33 [2018-06-26 10:03:28 CEST] [send_data] Successfully sent info to db
00:55:33 [2018-06-26 10:03:28 CEST] [main] DATABASE CONFIGURATION ID=56593
